[2026-01-01 09:33:28] Request received: 
[2026-01-01 09:33:28] Missing tx_ref
[2026-01-01 09:34:01] Request received: {"tx_ref":"event_1_4_1767256126989","event_id":"1"}
[2026-01-01 09:34:01] Request received: {"tx_ref":"event_1_4_1767256126989","event_id":"1"}
[2026-01-01 09:34:01] Verifying with Chapa: event_1_4_1767256126989
[2026-01-01 09:34:01] Verifying with Chapa: event_1_4_1767256126989
[2026-01-01 09:34:03] Chapa response: {"message":"Payment details fetched successfully","status":"success","data":{"first_name":"ephrata","last_name":"Abebe","email":"Er@gmail.com","phone_number":null,"currency":"ETB","amount":160,"charge":4,"mode":"test","method":"test","type":"API","status":"success","reference":"APvFNZynko4Lk","tx_ref":"event_1_4_1767256126989","customization":{"title":"Event Ticket","description":"Event Registration","logo":null},"meta":{"event_id":1,"ticket_type":"physical","quantity":1,"attendees":[{"name":"ephrata Abebe","email":"Er@gmail.com"}]},"created_at":"2026-01-01T08:28:57.000000Z","updated_at":"2026-01-01T08:28:57.000000Z"}}
[2026-01-01 09:34:03] Chapa response: {"message":"Payment details fetched successfully","status":"success","data":{"first_name":"ephrata","last_name":"Abebe","email":"Er@gmail.com","phone_number":null,"currency":"ETB","amount":160,"charge":4,"mode":"test","method":"test","type":"API","status":"success","reference":"APvFNZynko4Lk","tx_ref":"event_1_4_1767256126989","customization":{"title":"Event Ticket","description":"Event Registration","logo":null},"meta":{"event_id":1,"ticket_type":"physical","quantity":1,"attendees":[{"name":"ephrata Abebe","email":"Er@gmail.com"}]},"created_at":"2026-01-01T08:28:57.000000Z","updated_at":"2026-01-01T08:28:57.000000Z"}}
[2026-01-01 09:34:03] Success! Tickets created: 1
[2026-01-01 09:34:03] Already processed: event_1_4_1767256126989
[2026-01-01 09:42:05] Request received: {"tx_ref":"event_1_4_1767256126989","event_id":"1"}
[2026-01-01 09:42:05] Verifying with Chapa: event_1_4_1767256126989
[2026-01-01 09:42:05] Request received: {"tx_ref":"event_1_4_1767256126989","event_id":"1"}
[2026-01-01 09:42:05] Verifying with Chapa: event_1_4_1767256126989
[2026-01-01 09:42:08] Chapa response: {"message":"Payment details fetched successfully","status":"success","data":{"first_name":"ephrata","last_name":"Abebe","email":"Er@gmail.com","phone_number":null,"currency":"ETB","amount":160,"charge":4,"mode":"test","method":"test","type":"API","status":"success","reference":"APvFNZynko4Lk","tx_ref":"event_1_4_1767256126989","customization":{"title":"Event Ticket","description":"Event Registration","logo":null},"meta":{"event_id":1,"ticket_type":"physical","quantity":1,"attendees":[{"name":"ephrata Abebe","email":"Er@gmail.com"}]},"created_at":"2026-01-01T08:28:57.000000Z","updated_at":"2026-01-01T08:28:57.000000Z"}}
[2026-01-01 09:42:08] Already processed: event_1_4_1767256126989
[2026-01-01 09:42:09] Chapa response: {"message":"Payment details fetched successfully","status":"success","data":{"first_name":"ephrata","last_name":"Abebe","email":"Er@gmail.com","phone_number":null,"currency":"ETB","amount":160,"charge":4,"mode":"test","method":"test","type":"API","status":"success","reference":"APvFNZynko4Lk","tx_ref":"event_1_4_1767256126989","customization":{"title":"Event Ticket","description":"Event Registration","logo":null},"meta":{"event_id":1,"ticket_type":"physical","quantity":1,"attendees":[{"name":"ephrata Abebe","email":"Er@gmail.com"}]},"created_at":"2026-01-01T08:28:57.000000Z","updated_at":"2026-01-01T08:28:57.000000Z"}}
[2026-01-01 09:42:09] Already processed: event_1_4_1767256126989
[2026-01-01 09:43:56] Request received: {"tx_ref":"event_2_4_1767257022487","event_id":"2"}
[2026-01-01 09:43:56] Request received: {"tx_ref":"event_2_4_1767257022487","event_id":"2"}
[2026-01-01 09:43:56] Verifying with Chapa: event_2_4_1767257022487
[2026-01-01 09:43:56] Verifying with Chapa: event_2_4_1767257022487
[2026-01-01 09:43:59] Chapa response: {"message":"Payment details fetched successfully","status":"success","data":{"first_name":"ephrata","last_name":"Abebe","email":"Er@gmail.com","phone_number":null,"currency":"ETB","amount":600,"charge":15,"mode":"test","method":"test","type":"API","status":"success","reference":"APCk8Ja5IrSYs","tx_ref":"event_2_4_1767257022487","customization":{"title":"Event Ticket","description":"Event Registration","logo":null},"meta":{"event_id":2,"ticket_type":"physical","quantity":2,"attendees":[{"name":"ephrata Abebe","email":"Er@gmail.com"},{"name":"abebech","email":"abebu@gmail.com"}]},"created_at":"2026-01-01T08:43:52.000000Z","updated_at":"2026-01-01T08:43:52.000000Z"}}
[2026-01-01 09:43:59] Chapa response: {"message":"Payment details fetched successfully","status":"success","data":{"first_name":"ephrata","last_name":"Abebe","email":"Er@gmail.com","phone_number":null,"currency":"ETB","amount":600,"charge":15,"mode":"test","method":"test","type":"API","status":"success","reference":"APCk8Ja5IrSYs","tx_ref":"event_2_4_1767257022487","customization":{"title":"Event Ticket","description":"Event Registration","logo":null},"meta":{"event_id":2,"ticket_type":"physical","quantity":2,"attendees":[{"name":"ephrata Abebe","email":"Er@gmail.com"},{"name":"abebech","email":"abebu@gmail.com"}]},"created_at":"2026-01-01T08:43:52.000000Z","updated_at":"2026-01-01T08:43:52.000000Z"}}
[2026-01-01 09:43:59] Success! Tickets created: 2
[2026-01-01 09:43:59] Success! Tickets created: 2
[2026-01-01 10:13:52] Request received: {"tx_ref":"event_3_4_1767258820525","event_id":"3"}
[2026-01-01 10:13:52] Verifying with Chapa: event_3_4_1767258820525
[2026-01-01 10:13:52] Request received: {"tx_ref":"event_3_4_1767258820525","event_id":"3"}
[2026-01-01 10:13:52] Verifying with Chapa: event_3_4_1767258820525
[2026-01-01 10:13:54] Chapa response: {"message":"Payment details fetched successfully","status":"success","data":{"first_name":"ephrata","last_name":"Abebe","email":"Er@gmail.com","phone_number":null,"currency":"ETB","amount":100,"charge":2.5,"mode":"test","method":"test","type":"API","status":"success","reference":"APWgnDw57anj9","tx_ref":"event_3_4_1767258820525","customization":{"title":"Event Ticket","description":"Event Registration","logo":null},"meta":{"event_id":3,"ticket_type":"online","quantity":1,"attendees":[{"name":"ephrata Abebe","email":"Er@gmail.com"}]},"created_at":"2026-01-01T09:13:49.000000Z","updated_at":"2026-01-01T09:13:49.000000Z"}}
[2026-01-01 10:13:54] Chapa response: {"message":"Payment details fetched successfully","status":"success","data":{"first_name":"ephrata","last_name":"Abebe","email":"Er@gmail.com","phone_number":null,"currency":"ETB","amount":100,"charge":2.5,"mode":"test","method":"test","type":"API","status":"success","reference":"APWgnDw57anj9","tx_ref":"event_3_4_1767258820525","customization":{"title":"Event Ticket","description":"Event Registration","logo":null},"meta":{"event_id":3,"ticket_type":"online","quantity":1,"attendees":[{"name":"ephrata Abebe","email":"Er@gmail.com"}]},"created_at":"2026-01-01T09:13:49.000000Z","updated_at":"2026-01-01T09:13:49.000000Z"}}
[2026-01-01 10:13:54] Success! Tickets created: 1
[2026-01-01 10:13:54] Success! Tickets created: 1
